2024-01-12 16:05:06,332 WARN [Thread-8][HttpClientBeanHolder.java:108] - [HttpClientBeanHolder] Start destroying common HttpClient
2024-01-12 16:05:06,332 WARN [Thread-14][NotifyCenter.java:145] - [NotifyCenter] Start destroying Publisher
2024-01-12 16:05:06,332 WARN [Thread-8][HttpClientBeanHolder.java:108] - [HttpClientBeanHolder] Start destroying common HttpClient
2024-01-12 16:05:06,332 WARN [Thread-14][NotifyCenter.java:145] - [NotifyCenter] Start destroying Publisher
2024-01-12 16:05:06,351 WARN [Thread-14][NotifyCenter.java:162] - [NotifyCenter] Destruction of the end
2024-01-12 16:05:06,351 WARN [Thread-14][NotifyCenter.java:162] - [NotifyCenter] Destruction of the end
2024-01-12 16:05:06,351 WARN [Thread-8][HttpClientBeanHolder.java:114] - [HttpClientBeanHolder] Destruction of the end
2024-01-12 16:05:06,351 WARN [Thread-8][HttpClientBeanHolder.java:114] - [HttpClientBeanHolder] Destruction of the end
2024-01-12 16:05:06,377 INFO [SpringContextShutdownHook][ExecutorConfigurationSupport.java:218] - Shutting down ExecutorService 'Nacos-Watch-Task-Scheduler'
2024-01-12 16:05:06,377 INFO [SpringContextShutdownHook][ExecutorConfigurationSupport.java:218] - Shutting down ExecutorService 'Nacos-Watch-Task-Scheduler'
2024-01-12 16:05:06,379 INFO [SpringContextShutdownHook][ExecutorConfigurationSupport.java:218] - Shutting down ExecutorService 'taskScheduler'
2024-01-12 16:05:06,379 INFO [SpringContextShutdownHook][ExecutorConfigurationSupport.java:218] - Shutting down ExecutorService 'taskScheduler'
2024-01-12 16:05:06,380 INFO [SpringContextShutdownHook][NacosServiceRegistry.java:94] - De-registering from Nacos Server now...
2024-01-12 16:05:06,380 INFO [SpringContextShutdownHook][NacosServiceRegistry.java:94] - De-registering from Nacos Server now...
2024-01-12 16:05:06,394 INFO [SpringContextShutdownHook][NacosServiceRegistry.java:114] - De-registration finished.
2024-01-12 16:05:06,394 INFO [SpringContextShutdownHook][NacosServiceRegistry.java:114] - De-registration finished.
2024-01-12 16:05:06,941 DEBUG [nacos.publisher-com.alibaba.nacos.client.naming.event.InstancesChangeEvent][DefaultPublisher.java:193] - [NotifyCenter] the com.alibaba.nacos.client.naming.event.InstancesChangeEvent@4fbcce40 will received by com.alibaba.nacos.client.naming.event.InstancesChangeNotifier@54941dfd
2024-01-12 16:05:06,941 DEBUG [nacos.publisher-com.alibaba.nacos.client.naming.event.InstancesChangeEvent][DefaultPublisher.java:193] - [NotifyCenter] the com.alibaba.nacos.client.naming.event.InstancesChangeEvent@4fbcce40 will received by com.alibaba.nacos.client.naming.event.InstancesChangeNotifier@54941dfd
2024-01-12 16:05:15,437 WARN [SpringContextShutdownHook][DisposableBeanAdapter.java:349] - Destroy method 'close' on bean with name 'nacosServiceRegistry' threw an exception: java.lang.NullPointerException
2024-01-12 16:05:15,437 WARN [SpringContextShutdownHook][DisposableBeanAdapter.java:349] - Destroy method 'close' on bean with name 'nacosServiceRegistry' threw an exception: java.lang.NullPointerException
2024-01-12 16:05:15,440 INFO [SpringContextShutdownHook][ExecutorConfigurationSupport.java:218] - Shutting down ExecutorService 'applicationTaskExecutor'
2024-01-12 16:05:15,440 INFO [SpringContextShutdownHook][ExecutorConfigurationSupport.java:218] - Shutting down ExecutorService 'applicationTaskExecutor'
