2024-01-18 10:17:02,012 WARN [Thread-14][NotifyCenter.java:145] - [NotifyCenter] Start destroying Publisher
2024-01-18 10:17:02,012 WARN [Thread-8][HttpClientBeanHolder.java:108] - [HttpClientBeanHolder] Start destroying common HttpClient
2024-01-18 10:17:02,012 WARN [Thread-14][NotifyCenter.java:145] - [NotifyCenter] Start destroying Publisher
2024-01-18 10:17:02,012 WARN [Thread-8][HttpClientBeanHolder.java:108] - [HttpClientBeanHolder] Start destroying common HttpClient
2024-01-18 10:17:02,029 WARN [Thread-14][NotifyCenter.java:162] - [NotifyCenter] Destruction of the end
2024-01-18 10:17:02,029 WARN [Thread-14][NotifyCenter.java:162] - [NotifyCenter] Destruction of the end
2024-01-18 10:17:02,030 WARN [Thread-8][HttpClientBeanHolder.java:114] - [HttpClientBeanHolder] Destruction of the end
2024-01-18 10:17:02,030 WARN [Thread-8][HttpClientBeanHolder.java:114] - [HttpClientBeanHolder] Destruction of the end
2024-01-18 10:17:02,046 INFO [SpringContextShutdownHook][ExecutorConfigurationSupport.java:218] - Shutting down ExecutorService 'Nacos-Watch-Task-Scheduler'
2024-01-18 10:17:02,046 INFO [SpringContextShutdownHook][ExecutorConfigurationSupport.java:218] - Shutting down ExecutorService 'Nacos-Watch-Task-Scheduler'
2024-01-18 10:17:02,046 INFO [SpringContextShutdownHook][ExecutorConfigurationSupport.java:218] - Shutting down ExecutorService 'taskScheduler'
2024-01-18 10:17:02,046 INFO [SpringContextShutdownHook][ExecutorConfigurationSupport.java:218] - Shutting down ExecutorService 'taskScheduler'
2024-01-18 10:17:02,047 INFO [SpringContextShutdownHook][NacosServiceRegistry.java:94] - De-registering from Nacos Server now...
2024-01-18 10:17:02,047 INFO [SpringContextShutdownHook][NacosServiceRegistry.java:94] - De-registering from Nacos Server now...
2024-01-18 10:17:02,132 INFO [SpringContextShutdownHook][NacosServiceRegistry.java:114] - De-registration finished.
2024-01-18 10:17:02,132 INFO [SpringContextShutdownHook][NacosServiceRegistry.java:114] - De-registration finished.
2024-01-18 10:17:03,135 DEBUG [nacos.publisher-com.alibaba.nacos.client.naming.event.InstancesChangeEvent][DefaultPublisher.java:193] - [NotifyCenter] the com.alibaba.nacos.client.naming.event.InstancesChangeEvent@cd08c2d will received by com.alibaba.nacos.client.naming.event.InstancesChangeNotifier@2e4d4d22
2024-01-18 10:17:03,135 DEBUG [nacos.publisher-com.alibaba.nacos.client.naming.event.InstancesChangeEvent][DefaultPublisher.java:193] - [NotifyCenter] the com.alibaba.nacos.client.naming.event.InstancesChangeEvent@cd08c2d will received by com.alibaba.nacos.client.naming.event.InstancesChangeNotifier@2e4d4d22
2024-01-18 10:17:08,800 WARN [SpringContextShutdownHook][DisposableBeanAdapter.java:349] - Destroy method 'close' on bean with name 'nacosServiceRegistry' threw an exception: java.lang.NullPointerException
2024-01-18 10:17:08,800 WARN [SpringContextShutdownHook][DisposableBeanAdapter.java:349] - Destroy method 'close' on bean with name 'nacosServiceRegistry' threw an exception: java.lang.NullPointerException
2024-01-18 10:17:08,803 INFO [SpringContextShutdownHook][ExecutorConfigurationSupport.java:218] - Shutting down ExecutorService 'applicationTaskExecutor'
2024-01-18 10:17:08,803 INFO [SpringContextShutdownHook][ExecutorConfigurationSupport.java:218] - Shutting down ExecutorService 'applicationTaskExecutor'
